[1/2] "C:/Users/israp/AppData/Local/vcpkg/downloads/tools/cmake-3.29.2-windows/cmake-3.29.2-windows-i386/bin/cmake.exe" -E chdir "../../x64-windows-dbg" "C:/Users/israp/AppData/Local/vcpkg/downloads/tools/cmake-3.29.2-windows/cmake-3.29.2-windows-i386/bin/cmake.exe" "C:/Users/israp/OneDrive/Documentos/GitHub/Platformer-Game/PlatformGame-L9_Map_Collision/vcpkg_installed/x64-windows/vcpkg/blds/sdl2-image/src/ease-2.8.2-89b2ee6bc2.clean" "-G" "Ninja" "-DCMAKE_BUILD_TYPE=Debug" "-DCMAKE_INSTALL_PREFIX=C:/Users/israp/OneDrive/Documentos/GitHub/Platformer-Game/PlatformGame-L9_Map_Collision/vcpkg_installed/x64-windows/vcpkg/pkgs/sdl2-image_x64-windows/debug" "-DFETCHCONTENT_FULLY_DISCONNECTED=ON" "-DSDL2IMAGE_JPG=OFF" "-DSDL2IMAGE_WEBP=OFF" "-DSDL2IMAGE_TIF=OFF" "-DSDL2IMAGE_BACKEND_IMAGEIO=OFF" "-DSDL2IMAGE_BACKEND_STB=OFF" "-DSDL2IMAGE_DEPS_SHARED=OFF" "-DSDL2IMAGE_SAMPLES=OFF" "-DSDL2IMAGE_VENDORED=OFF" "-DCMAKE_MAKE_PROGRAM=C:/Program Files/Microsoft Visual Studio/2022/Community/Common7/IDE/CommonExtensions/Microsoft/CMake/Ninja/ninja.exe" "-DBUILD_SHARED_LIBS=ON" "-DVCPKG_CHAINLOAD_TOOLCHAIN_FILE=C:/Program Files/Microsoft Visual Studio/2022/Community/VC/vcpkg/scripts/toolchains/windows.cmake" "-DVCPKG_TARGET_TRIPLET=x64-windows" "-DVCPKG_SET_CHARSET_FLAG=ON" "-DVCPKG_PLATFORM_TOOLSET=v143" "-DCMAKE_EXPORT_NO_PACKAGE_REGISTRY=ON" "-DCMAKE_FIND_PACKAGE_NO_PACKAGE_REGISTRY=ON" "-DCMAKE_FIND_PACKAGE_NO_SYSTEM_PACKAGE_REGISTRY=ON" "-DCMAKE_INSTALL_SYSTEM_RUNTIME_LIBS_SKIP=TRUE" "-DCMAKE_VERBOSE_MAKEFILE=ON" "-DVCPKG_APPLOCAL_DEPS=OFF" "-DCMAKE_TOOLCHAIN_FILE=C:/Program Files/Microsoft Visual Studio/2022/Community/VC/vcpkg/scripts/buildsystems/vcpkg.cmake" "-DCMAKE_ERROR_ON_ABSOLUTE_INSTALL_DESTINATION=ON" "-DVCPKG_CXX_FLAGS=" "-DVCPKG_CXX_FLAGS_RELEASE=" "-DVCPKG_CXX_FLAGS_DEBUG=" "-DVCPKG_C_FLAGS=" "-DVCPKG_C_FLAGS_RELEASE=" "-DVCPKG_C_FLAGS_DEBUG=" "-DVCPKG_CRT_LINKAGE=dynamic" "-DVCPKG_LINKER_FLAGS=" "-DVCPKG_LINKER_FLAGS_RELEASE=" "-DVCPKG_LINKER_FLAGS_DEBUG=" "-DVCPKG_TARGET_ARCHITECTURE=x64" "-DCMAKE_INSTALL_LIBDIR:STRING=lib" "-DCMAKE_INSTALL_BINDIR:STRING=bin" "-D_VCPKG_ROOT_DIR=C:/Program Files/Microsoft Visual Studio/2022/Community/VC/vcpkg/" "-D_VCPKG_INSTALLED_DIR=C:/Users/israp/OneDrive/Documentos/GitHub/Platformer-Game/PlatformGame-L9_Map_Collision/vcpkg_installed/x64-windows/" "-DVCPKG_MANIFEST_INSTALL=OFF"
-- The C compiler identification is MSVC 19.41.34123.0
-- Detecting C compiler ABI info
-- Detecting C compiler ABI info - done
-- Check for working C compiler: C:/Program Files/Microsoft Visual Studio/2022/Community/VC/Tools/MSVC/14.41.34120/bin/Hostx64/x64/cl.exe - skipped
-- Detecting C compile features
-- Detecting C compile features - done
-- Configuring SDL2_image 2.8.2
-- SDL2_image: Using system libpng
-- Found ZLIB: optimized;C:/Users/israp/OneDrive/Documentos/GitHub/Platformer-Game/PlatformGame-L9_Map_Collision/vcpkg_installed/x64-windows/x64-windows/lib/zlib.lib;debug;C:/Users/israp/OneDrive/Documentos/GitHub/Platformer-Game/PlatformGame-L9_Map_Collision/vcpkg_installed/x64-windows/x64-windows/debug/lib/zlibd.lib (found version "1.3.1")
-- Found PNG: optimized;C:/Users/israp/OneDrive/Documentos/GitHub/Platformer-Game/PlatformGame-L9_Map_Collision/vcpkg_installed/x64-windows/x64-windows/lib/libpng16.lib;debug;C:/Users/israp/OneDrive/Documentos/GitHub/Platformer-Game/PlatformGame-L9_Map_Collision/vcpkg_installed/x64-windows/x64-windows/debug/lib/libpng16d.lib (found version "1.6.43")
-- Configuring done (1.3s)
-- Generating done (0.0s)
CMake Warning:
  Manually-specified variables were not used by the project:

    FETCHCONTENT_FULLY_DISCONNECTED
    _VCPKG_ROOT_DIR


-- Build files have been written to: C:/Users/israp/OneDrive/Documentos/GitHub/Platformer-Game/PlatformGame-L9_Map_Collision/vcpkg_installed/x64-windows/vcpkg/blds/sdl2-image/x64-windows-dbg
[2/2] "C:/Users/israp/AppData/Local/vcpkg/downloads/tools/cmake-3.29.2-windows/cmake-3.29.2-windows-i386/bin/cmake.exe" -E chdir ".." "C:/Users/israp/AppData/Local/vcpkg/downloads/tools/cmake-3.29.2-windows/cmake-3.29.2-windows-i386/bin/cmake.exe" "C:/Users/israp/OneDrive/Documentos/GitHub/Platformer-Game/PlatformGame-L9_Map_Collision/vcpkg_installed/x64-windows/vcpkg/blds/sdl2-image/src/ease-2.8.2-89b2ee6bc2.clean" "-G" "Ninja" "-DCMAKE_BUILD_TYPE=Release" "-DCMAKE_INSTALL_PREFIX=C:/Users/israp/OneDrive/Documentos/GitHub/Platformer-Game/PlatformGame-L9_Map_Collision/vcpkg_installed/x64-windows/vcpkg/pkgs/sdl2-image_x64-windows" "-DFETCHCONTENT_FULLY_DISCONNECTED=ON" "-DSDL2IMAGE_JPG=OFF" "-DSDL2IMAGE_WEBP=OFF" "-DSDL2IMAGE_TIF=OFF" "-DSDL2IMAGE_BACKEND_IMAGEIO=OFF" "-DSDL2IMAGE_BACKEND_STB=OFF" "-DSDL2IMAGE_DEPS_SHARED=OFF" "-DSDL2IMAGE_SAMPLES=OFF" "-DSDL2IMAGE_VENDORED=OFF" "-DCMAKE_MAKE_PROGRAM=C:/Program Files/Microsoft Visual Studio/2022/Community/Common7/IDE/CommonExtensions/Microsoft/CMake/Ninja/ninja.exe" "-DBUILD_SHARED_LIBS=ON" "-DVCPKG_CHAINLOAD_TOOLCHAIN_FILE=C:/Program Files/Microsoft Visual Studio/2022/Community/VC/vcpkg/scripts/toolchains/windows.cmake" "-DVCPKG_TARGET_TRIPLET=x64-windows" "-DVCPKG_SET_CHARSET_FLAG=ON" "-DVCPKG_PLATFORM_TOOLSET=v143" "-DCMAKE_EXPORT_NO_PACKAGE_REGISTRY=ON" "-DCMAKE_FIND_PACKAGE_NO_PACKAGE_REGISTRY=ON" "-DCMAKE_FIND_PACKAGE_NO_SYSTEM_PACKAGE_REGISTRY=ON" "-DCMAKE_INSTALL_SYSTEM_RUNTIME_LIBS_SKIP=TRUE" "-DCMAKE_VERBOSE_MAKEFILE=ON" "-DVCPKG_APPLOCAL_DEPS=OFF" "-DCMAKE_TOOLCHAIN_FILE=C:/Program Files/Microsoft Visual Studio/2022/Community/VC/vcpkg/scripts/buildsystems/vcpkg.cmake" "-DCMAKE_ERROR_ON_ABSOLUTE_INSTALL_DESTINATION=ON" "-DVCPKG_CXX_FLAGS=" "-DVCPKG_CXX_FLAGS_RELEASE=" "-DVCPKG_CXX_FLAGS_DEBUG=" "-DVCPKG_C_FLAGS=" "-DVCPKG_C_FLAGS_RELEASE=" "-DVCPKG_C_FLAGS_DEBUG=" "-DVCPKG_CRT_LINKAGE=dynamic" "-DVCPKG_LINKER_FLAGS=" "-DVCPKG_LINKER_FLAGS_RELEASE=" "-DVCPKG_LINKER_FLAGS_DEBUG=" "-DVCPKG_TARGET_ARCHITECTURE=x64" "-DCMAKE_INSTALL_LIBDIR:STRING=lib" "-DCMAKE_INSTALL_BINDIR:STRING=bin" "-D_VCPKG_ROOT_DIR=C:/Program Files/Microsoft Visual Studio/2022/Community/VC/vcpkg/" "-D_VCPKG_INSTALLED_DIR=C:/Users/israp/OneDrive/Documentos/GitHub/Platformer-Game/PlatformGame-L9_Map_Collision/vcpkg_installed/x64-windows/" "-DVCPKG_MANIFEST_INSTALL=OFF"
-- The C compiler identification is MSVC 19.41.34123.0
-- Detecting C compiler ABI info
-- Detecting C compiler ABI info - done
-- Check for working C compiler: C:/Program Files/Microsoft Visual Studio/2022/Community/VC/Tools/MSVC/14.41.34120/bin/Hostx64/x64/cl.exe - skipped
-- Detecting C compile features
-- Detecting C compile features - done
-- Configuring SDL2_image 2.8.2
-- SDL2_image: Using system libpng
-- Found ZLIB: optimized;C:/Users/israp/OneDrive/Documentos/GitHub/Platformer-Game/PlatformGame-L9_Map_Collision/vcpkg_installed/x64-windows/x64-windows/lib/zlib.lib;debug;C:/Users/israp/OneDrive/Documentos/GitHub/Platformer-Game/PlatformGame-L9_Map_Collision/vcpkg_installed/x64-windows/x64-windows/debug/lib/zlibd.lib (found version "1.3.1")
-- Found PNG: optimized;C:/Users/israp/OneDrive/Documentos/GitHub/Platformer-Game/PlatformGame-L9_Map_Collision/vcpkg_installed/x64-windows/x64-windows/lib/libpng16.lib;debug;C:/Users/israp/OneDrive/Documentos/GitHub/Platformer-Game/PlatformGame-L9_Map_Collision/vcpkg_installed/x64-windows/x64-windows/debug/lib/libpng16d.lib (found version "1.6.43")
-- Configuring done (1.3s)
-- Generating done (0.1s)
CMake Warning:
  Manually-specified variables were not used by the project:

    FETCHCONTENT_FULLY_DISCONNECTED
    _VCPKG_ROOT_DIR


-- Build files have been written to: C:/Users/israp/OneDrive/Documentos/GitHub/Platformer-Game/PlatformGame-L9_Map_Collision/vcpkg_installed/x64-windows/vcpkg/blds/sdl2-image/x64-windows-rel
