-- Downloading https://gitlab.xiph.org/xiph/ogg/-/archive/v1.3.5/ogg-v1.3.5.tar.gz -> xiph-ogg-v1.3.5.tar.gz...
-- Extracting source C:/Users/israp/AppData/Local/vcpkg/downloads/xiph-ogg-v1.3.5.tar.gz
-- Using source at C:/Users/israp/OneDrive/Documentos/GitHub/Platformer-Game/PlatformGame-L9_Map_Collision/vcpkg_installed/x64-windows/vcpkg/blds/libogg/src/v1.3.5-1a4243fef9.clean
-- Found external ninja('1.11.0').
-- Configuring x64-windows
-- Building x64-windows-dbg
-- Building x64-windows-rel
CMake Warning at scripts/cmake/vcpkg_copy_pdbs.cmake:44 (message):
  Could not find a matching pdb file for:

      C:/Users/israp/OneDrive/Documentos/GitHub/Platformer-Game/PlatformGame-L9_Map_Collision/vcpkg_installed/x64-windows/vcpkg/pkgs/libogg_x64-windows/bin/ogg.dll
      C:/Users/israp/OneDrive/Documentos/GitHub/Platformer-Game/PlatformGame-L9_Map_Collision/vcpkg_installed/x64-windows/vcpkg/pkgs/libogg_x64-windows/debug/bin/ogg.dll

Call Stack (most recent call first):
  C:/Users/israp/AppData/Local/vcpkg/registries/git-trees/98e27727c32704393494d32615c25b7b16eb3067/portfile.cmake:28 (vcpkg_copy_pdbs)
  scripts/ports.cmake:175 (include)


-- Fixing pkgconfig file: C:/Users/israp/OneDrive/Documentos/GitHub/Platformer-Game/PlatformGame-L9_Map_Collision/vcpkg_installed/x64-windows/vcpkg/pkgs/libogg_x64-windows/lib/pkgconfig/ogg.pc
-- Using cached msys2-mingw-w64-x86_64-pkgconf-1~2.2.0-1-any.pkg.tar.zst.
-- Using cached msys2-msys2-runtime-3.4.10-4-x86_64.pkg.tar.zst.
-- Using msys root at C:/Users/israp/AppData/Local/vcpkg/downloads/tools/msys2/d33df895d441a36d
-- Fixing pkgconfig file: C:/Users/israp/OneDrive/Documentos/GitHub/Platformer-Game/PlatformGame-L9_Map_Collision/vcpkg_installed/x64-windows/vcpkg/pkgs/libogg_x64-windows/debug/lib/pkgconfig/ogg.pc
-- Installing: C:/Users/israp/OneDrive/Documentos/GitHub/Platformer-Game/PlatformGame-L9_Map_Collision/vcpkg_installed/x64-windows/vcpkg/pkgs/libogg_x64-windows/share/libogg/copyright
-- Performing post-build validation
