-- Downloading https://github.com/xiph/vorbis/archive/v1.3.7.tar.gz -> xiph-vorbis-v1.3.7.tar.gz...
-- Extracting source C:/Users/israp/AppData/Local/vcpkg/downloads/xiph-vorbis-v1.3.7.tar.gz
-- Applying patch 0001-Dont-export-vorbisenc-functions.patch
-- Applying patch 0002-Fixup-pkgconfig-libs.patch
-- Applying patch 0003-def-mingw-compat.patch
-- Using source at C:/Users/israp/OneDrive/Documentos/GitHub/Platformer-Game/PlatformGame-L9_Map_Collision/vcpkg_installed/x64-windows/vcpkg/blds/libvorbis/src/v1.3.7-1480004d18.clean
-- Found external ninja('1.11.0').
-- Configuring x64-windows
-- Building x64-windows-dbg
-- Building x64-windows-rel
-- Fixing pkgconfig file: C:/Users/israp/OneDrive/Documentos/GitHub/Platformer-Game/PlatformGame-L9_Map_Collision/vcpkg_installed/x64-windows/vcpkg/pkgs/libvorbis_x64-windows/lib/pkgconfig/vorbis.pc
-- Fixing pkgconfig file: C:/Users/israp/OneDrive/Documentos/GitHub/Platformer-Game/PlatformGame-L9_Map_Collision/vcpkg_installed/x64-windows/vcpkg/pkgs/libvorbis_x64-windows/lib/pkgconfig/vorbisenc.pc
-- Fixing pkgconfig file: C:/Users/israp/OneDrive/Documentos/GitHub/Platformer-Game/PlatformGame-L9_Map_Collision/vcpkg_installed/x64-windows/vcpkg/pkgs/libvorbis_x64-windows/lib/pkgconfig/vorbisfile.pc
-- Using cached msys2-mingw-w64-x86_64-pkgconf-1~2.2.0-1-any.pkg.tar.zst.
-- Using cached msys2-msys2-runtime-3.4.10-4-x86_64.pkg.tar.zst.
-- Using msys root at C:/Users/israp/AppData/Local/vcpkg/downloads/tools/msys2/d33df895d441a36d
-- Fixing pkgconfig file: C:/Users/israp/OneDrive/Documentos/GitHub/Platformer-Game/PlatformGame-L9_Map_Collision/vcpkg_installed/x64-windows/vcpkg/pkgs/libvorbis_x64-windows/debug/lib/pkgconfig/vorbis.pc
-- Fixing pkgconfig file: C:/Users/israp/OneDrive/Documentos/GitHub/Platformer-Game/PlatformGame-L9_Map_Collision/vcpkg_installed/x64-windows/vcpkg/pkgs/libvorbis_x64-windows/debug/lib/pkgconfig/vorbisenc.pc
-- Fixing pkgconfig file: C:/Users/israp/OneDrive/Documentos/GitHub/Platformer-Game/PlatformGame-L9_Map_Collision/vcpkg_installed/x64-windows/vcpkg/pkgs/libvorbis_x64-windows/debug/lib/pkgconfig/vorbisfile.pc
CMake Warning at scripts/cmake/vcpkg_copy_pdbs.cmake:44 (message):
  Could not find a matching pdb file for:

      C:/Users/israp/OneDrive/Documentos/GitHub/Platformer-Game/PlatformGame-L9_Map_Collision/vcpkg_installed/x64-windows/vcpkg/pkgs/libvorbis_x64-windows/bin/vorbis.dll
      C:/Users/israp/OneDrive/Documentos/GitHub/Platformer-Game/PlatformGame-L9_Map_Collision/vcpkg_installed/x64-windows/vcpkg/pkgs/libvorbis_x64-windows/bin/vorbisenc.dll
      C:/Users/israp/OneDrive/Documentos/GitHub/Platformer-Game/PlatformGame-L9_Map_Collision/vcpkg_installed/x64-windows/vcpkg/pkgs/libvorbis_x64-windows/bin/vorbisfile.dll
      C:/Users/israp/OneDrive/Documentos/GitHub/Platformer-Game/PlatformGame-L9_Map_Collision/vcpkg_installed/x64-windows/vcpkg/pkgs/libvorbis_x64-windows/debug/bin/vorbis.dll
      C:/Users/israp/OneDrive/Documentos/GitHub/Platformer-Game/PlatformGame-L9_Map_Collision/vcpkg_installed/x64-windows/vcpkg/pkgs/libvorbis_x64-windows/debug/bin/vorbisenc.dll
      C:/Users/israp/OneDrive/Documentos/GitHub/Platformer-Game/PlatformGame-L9_Map_Collision/vcpkg_installed/x64-windows/vcpkg/pkgs/libvorbis_x64-windows/debug/bin/vorbisfile.dll

Call Stack (most recent call first):
  C:/Users/israp/AppData/Local/vcpkg/registries/git-trees/c4c646a26ce3e6ad63992d3e4a55cb185159b23c/portfile.cmake:20 (vcpkg_copy_pdbs)
  scripts/ports.cmake:175 (include)


-- Installing: C:/Users/israp/OneDrive/Documentos/GitHub/Platformer-Game/PlatformGame-L9_Map_Collision/vcpkg_installed/x64-windows/vcpkg/pkgs/libvorbis_x64-windows/share/libvorbis/usage
-- Installing: C:/Users/israp/OneDrive/Documentos/GitHub/Platformer-Game/PlatformGame-L9_Map_Collision/vcpkg_installed/x64-windows/vcpkg/pkgs/libvorbis_x64-windows/share/libvorbis/copyright
-- Performing post-build validation
